Error: Cannot find module 'mongodb'
Require stack:
- /root/haha/db/proxy.js
- /root/haha/main.js
    at Function.Module._resolveFilename (node:internal/modules/cjs/loader:995:15)
    at Module.Hook._require.Module.require (/usr/lib/node_modules/pm2/node_modules/require-in-the-middle/index.js:81:25)
    at require (node:internal/modules/cjs/helpers:103:18)
    at Object.<anonymous> (/root/haha/db/proxy.js:1:25)
    at Module._compile (node:internal/modules/cjs/loader:1165:14)
    at Object.Module._extensions..js (node:internal/modules/cjs/loader:1219:10)
    at Module.load (node:internal/modules/cjs/loader:1043:32)
    at Function.Module._load (node:internal/modules/cjs/loader:878:12)
    at Module.require (node:internal/modules/cjs/loader:1067:19)
    at Module.Hook._require.Module.require (/usr/lib/node_modules/pm2/node_modules/require-in-the-middle/index.js:101:39) {
  code: 'MODULE_NOT_FOUND',
  requireStack: [ '/root/haha/db/proxy.js', '/root/haha/main.js' ]
}
Error: Cannot find module 'mongodb'
Require stack:
- /root/haha/db/proxy.js
- /root/haha/main.js
    at Function.Module._resolveFilename (node:internal/modules/cjs/loader:995:15)
    at Module.Hook._require.Module.require (/usr/lib/node_modules/pm2/node_modules/require-in-the-middle/index.js:81:25)
    at require (node:internal/modules/cjs/helpers:103:18)
    at Object.<anonymous> (/root/haha/db/proxy.js:1:25)
    at Module._compile (node:internal/modules/cjs/loader:1165:14)
    at Object.Module._extensions..js (node:internal/modules/cjs/loader:1219:10)
    at Module.load (node:internal/modules/cjs/loader:1043:32)
    at Function.Module._load (node:internal/modules/cjs/loader:878:12)
    at Module.require (node:internal/modules/cjs/loader:1067:19)
    at Module.Hook._require.Module.require (/usr/lib/node_modules/pm2/node_modules/require-in-the-middle/index.js:101:39) {
  code: 'MODULE_NOT_FOUND',
  requireStack: [ '/root/haha/db/proxy.js', '/root/haha/main.js' ]
}
Error: Cannot find module 'mongodb'
Require stack:
- /root/haha/db/proxy.js
- /root/haha/main.js
    at Function.Module._resolveFilename (node:internal/modules/cjs/loader:995:15)
    at Module.Hook._require.Module.require (/usr/lib/node_modules/pm2/node_modules/require-in-the-middle/index.js:81:25)
    at require (node:internal/modules/cjs/helpers:103:18)
    at Object.<anonymous> (/root/haha/db/proxy.js:1:25)
    at Module._compile (node:internal/modules/cjs/loader:1165:14)
    at Object.Module._extensions..js (node:internal/modules/cjs/loader:1219:10)
    at Module.load (node:internal/modules/cjs/loader:1043:32)
    at Function.Module._load (node:internal/modules/cjs/loader:878:12)
    at Module.require (node:internal/modules/cjs/loader:1067:19)
    at Module.Hook._require.Module.require (/usr/lib/node_modules/pm2/node_modules/require-in-the-middle/index.js:101:39) {
  code: 'MODULE_NOT_FOUND',
  requireStack: [ '/root/haha/db/proxy.js', '/root/haha/main.js' ]
}
Error: Cannot find module 'mongodb'
Require stack:
- /root/haha/db/proxy.js
- /root/haha/main.js
    at Function.Module._resolveFilename (node:internal/modules/cjs/loader:995:15)
    at Module.Hook._require.Module.require (/usr/lib/node_modules/pm2/node_modules/require-in-the-middle/index.js:81:25)
    at require (node:internal/modules/cjs/helpers:103:18)
    at Object.<anonymous> (/root/haha/db/proxy.js:1:25)
    at Module._compile (node:internal/modules/cjs/loader:1165:14)
    at Object.Module._extensions..js (node:internal/modules/cjs/loader:1219:10)
    at Module.load (node:internal/modules/cjs/loader:1043:32)
    at Function.Module._load (node:internal/modules/cjs/loader:878:12)
    at Module.require (node:internal/modules/cjs/loader:1067:19)
    at Module.Hook._require.Module.require (/usr/lib/node_modules/pm2/node_modules/require-in-the-middle/index.js:101:39) {
  code: 'MODULE_NOT_FOUND',
  requireStack: [ '/root/haha/db/proxy.js', '/root/haha/main.js' ]
}
Error: Cannot find module 'mongodb'
Require stack:
- /root/haha/db/proxy.js
- /root/haha/main.js
    at Function.Module._resolveFilename (node:internal/modules/cjs/loader:995:15)
    at Module.Hook._require.Module.require (/usr/lib/node_modules/pm2/node_modules/require-in-the-middle/index.js:81:25)
    at require (node:internal/modules/cjs/helpers:103:18)
    at Object.<anonymous> (/root/haha/db/proxy.js:1:25)
    at Module._compile (node:internal/modules/cjs/loader:1165:14)
    at Object.Module._extensions..js (node:internal/modules/cjs/loader:1219:10)
    at Module.load (node:internal/modules/cjs/loader:1043:32)
    at Function.Module._load (node:internal/modules/cjs/loader:878:12)
    at Module.require (node:internal/modules/cjs/loader:1067:19)
    at Module.Hook._require.Module.require (/usr/lib/node_modules/pm2/node_modules/require-in-the-middle/index.js:101:39) {
  code: 'MODULE_NOT_FOUND',
  requireStack: [ '/root/haha/db/proxy.js', '/root/haha/main.js' ]
}
Error: Cannot find module 'mongodb'
Require stack:
- /root/haha/db/proxy.js
- /root/haha/main.js
    at Function.Module._resolveFilename (node:internal/modules/cjs/loader:995:15)
    at Module.Hook._require.Module.require (/usr/lib/node_modules/pm2/node_modules/require-in-the-middle/index.js:81:25)
    at require (node:internal/modules/cjs/helpers:103:18)
    at Object.<anonymous> (/root/haha/db/proxy.js:1:25)
    at Module._compile (node:internal/modules/cjs/loader:1165:14)
    at Object.Module._extensions..js (node:internal/modules/cjs/loader:1219:10)
    at Module.load (node:internal/modules/cjs/loader:1043:32)
    at Function.Module._load (node:internal/modules/cjs/loader:878:12)
    at Module.require (node:internal/modules/cjs/loader:1067:19)
    at Module.Hook._require.Module.require (/usr/lib/node_modules/pm2/node_modules/require-in-the-middle/index.js:101:39) {
  code: 'MODULE_NOT_FOUND',
  requireStack: [ '/root/haha/db/proxy.js', '/root/haha/main.js' ]
}
Error: Cannot find module 'mongodb'
Require stack:
- /root/haha/db/proxy.js
- /root/haha/main.js
    at Function.Module._resolveFilename (node:internal/modules/cjs/loader:995:15)
    at Module.Hook._require.Module.require (/usr/lib/node_modules/pm2/node_modules/require-in-the-middle/index.js:81:25)
    at require (node:internal/modules/cjs/helpers:103:18)
    at Object.<anonymous> (/root/haha/db/proxy.js:1:25)
    at Module._compile (node:internal/modules/cjs/loader:1165:14)
    at Object.Module._extensions..js (node:internal/modules/cjs/loader:1219:10)
    at Module.load (node:internal/modules/cjs/loader:1043:32)
    at Function.Module._load (node:internal/modules/cjs/loader:878:12)
    at Module.require (node:internal/modules/cjs/loader:1067:19)
    at Module.Hook._require.Module.require (/usr/lib/node_modules/pm2/node_modules/require-in-the-middle/index.js:101:39) {
  code: 'MODULE_NOT_FOUND',
  requireStack: [ '/root/haha/db/proxy.js', '/root/haha/main.js' ]
}
Error: Cannot find module 'mongodb'
Require stack:
- /root/haha/db/proxy.js
- /root/haha/main.js
    at Function.Module._resolveFilename (node:internal/modules/cjs/loader:995:15)
    at Module.Hook._require.Module.require (/usr/lib/node_modules/pm2/node_modules/require-in-the-middle/index.js:81:25)
    at require (node:internal/modules/cjs/helpers:103:18)
    at Object.<anonymous> (/root/haha/db/proxy.js:1:25)
    at Module._compile (node:internal/modules/cjs/loader:1165:14)
    at Object.Module._extensions..js (node:internal/modules/cjs/loader:1219:10)
    at Module.load (node:internal/modules/cjs/loader:1043:32)
    at Function.Module._load (node:internal/modules/cjs/loader:878:12)
    at Module.require (node:internal/modules/cjs/loader:1067:19)
    at Module.Hook._require.Module.require (/usr/lib/node_modules/pm2/node_modules/require-in-the-middle/index.js:101:39) {
  code: 'MODULE_NOT_FOUND',
  requireStack: [ '/root/haha/db/proxy.js', '/root/haha/main.js' ]
}
Error: Cannot find module 'mongodb'
Require stack:
- /root/haha/db/proxy.js
- /root/haha/main.js
    at Function.Module._resolveFilename (node:internal/modules/cjs/loader:995:15)
    at Module.Hook._require.Module.require (/usr/lib/node_modules/pm2/node_modules/require-in-the-middle/index.js:81:25)
    at require (node:internal/modules/cjs/helpers:103:18)
    at Object.<anonymous> (/root/haha/db/proxy.js:1:25)
    at Module._compile (node:internal/modules/cjs/loader:1165:14)
    at Object.Module._extensions..js (node:internal/modules/cjs/loader:1219:10)
    at Module.load (node:internal/modules/cjs/loader:1043:32)
    at Function.Module._load (node:internal/modules/cjs/loader:878:12)
    at Module.require (node:internal/modules/cjs/loader:1067:19)
    at Module.Hook._require.Module.require (/usr/lib/node_modules/pm2/node_modules/require-in-the-middle/index.js:101:39) {
  code: 'MODULE_NOT_FOUND',
  requireStack: [ '/root/haha/db/proxy.js', '/root/haha/main.js' ]
}
Error: Cannot find module 'mongodb'
Require stack:
- /root/haha/db/proxy.js
- /root/haha/main.js
    at Function.Module._resolveFilename (node:internal/modules/cjs/loader:995:15)
    at Module.Hook._require.Module.require (/usr/lib/node_modules/pm2/node_modules/require-in-the-middle/index.js:81:25)
    at require (node:internal/modules/cjs/helpers:103:18)
    at Object.<anonymous> (/root/haha/db/proxy.js:1:25)
    at Module._compile (node:internal/modules/cjs/loader:1165:14)
    at Object.Module._extensions..js (node:internal/modules/cjs/loader:1219:10)
    at Module.load (node:internal/modules/cjs/loader:1043:32)
    at Function.Module._load (node:internal/modules/cjs/loader:878:12)
    at Module.require (node:internal/modules/cjs/loader:1067:19)
    at Module.Hook._require.Module.require (/usr/lib/node_modules/pm2/node_modules/require-in-the-middle/index.js:101:39) {
  code: 'MODULE_NOT_FOUND',
  requireStack: [ '/root/haha/db/proxy.js', '/root/haha/main.js' ]
}
Error: Cannot find module 'mongodb'
Require stack:
- /root/haha/db/proxy.js
- /root/haha/main.js
    at Function.Module._resolveFilename (node:internal/modules/cjs/loader:995:15)
    at Module.Hook._require.Module.require (/usr/lib/node_modules/pm2/node_modules/require-in-the-middle/index.js:81:25)
    at require (node:internal/modules/cjs/helpers:103:18)
    at Object.<anonymous> (/root/haha/db/proxy.js:1:25)
    at Module._compile (node:internal/modules/cjs/loader:1165:14)
    at Object.Module._extensions..js (node:internal/modules/cjs/loader:1219:10)
    at Module.load (node:internal/modules/cjs/loader:1043:32)
    at Function.Module._load (node:internal/modules/cjs/loader:878:12)
    at Module.require (node:internal/modules/cjs/loader:1067:19)
    at Module.Hook._require.Module.require (/usr/lib/node_modules/pm2/node_modules/require-in-the-middle/index.js:101:39) {
  code: 'MODULE_NOT_FOUND',
  requireStack: [ '/root/haha/db/proxy.js', '/root/haha/main.js' ]
}
Error: Cannot find module 'mongodb'
Require stack:
- /root/haha/db/proxy.js
- /root/haha/main.js
    at Function.Module._resolveFilename (node:internal/modules/cjs/loader:995:15)
    at Module.Hook._require.Module.require (/usr/lib/node_modules/pm2/node_modules/require-in-the-middle/index.js:81:25)
    at require (node:internal/modules/cjs/helpers:103:18)
    at Object.<anonymous> (/root/haha/db/proxy.js:1:25)
    at Module._compile (node:internal/modules/cjs/loader:1165:14)
    at Object.Module._extensions..js (node:internal/modules/cjs/loader:1219:10)
    at Module.load (node:internal/modules/cjs/loader:1043:32)
    at Function.Module._load (node:internal/modules/cjs/loader:878:12)
    at Module.require (node:internal/modules/cjs/loader:1067:19)
    at Module.Hook._require.Module.require (/usr/lib/node_modules/pm2/node_modules/require-in-the-middle/index.js:101:39) {
  code: 'MODULE_NOT_FOUND',
  requireStack: [ '/root/haha/db/proxy.js', '/root/haha/main.js' ]
}
Error: Cannot find module 'mongodb'
Require stack:
- /root/haha/db/proxy.js
- /root/haha/main.js
    at Function.Module._resolveFilename (node:internal/modules/cjs/loader:995:15)
    at Module.Hook._require.Module.require (/usr/lib/node_modules/pm2/node_modules/require-in-the-middle/index.js:81:25)
    at require (node:internal/modules/cjs/helpers:103:18)
    at Object.<anonymous> (/root/haha/db/proxy.js:1:25)
    at Module._compile (node:internal/modules/cjs/loader:1165:14)
    at Object.Module._extensions..js (node:internal/modules/cjs/loader:1219:10)
    at Module.load (node:internal/modules/cjs/loader:1043:32)
    at Function.Module._load (node:internal/modules/cjs/loader:878:12)
    at Module.require (node:internal/modules/cjs/loader:1067:19)
    at Module.Hook._require.Module.require (/usr/lib/node_modules/pm2/node_modules/require-in-the-middle/index.js:101:39) {
  code: 'MODULE_NOT_FOUND',
  requireStack: [ '/root/haha/db/proxy.js', '/root/haha/main.js' ]
}
Error: Cannot find module 'mongodb'
Require stack:
- /root/haha/db/proxy.js
- /root/haha/main.js
    at Function.Module._resolveFilename (node:internal/modules/cjs/loader:995:15)
    at Module.Hook._require.Module.require (/usr/lib/node_modules/pm2/node_modules/require-in-the-middle/index.js:81:25)
    at require (node:internal/modules/cjs/helpers:103:18)
    at Object.<anonymous> (/root/haha/db/proxy.js:1:25)
    at Module._compile (node:internal/modules/cjs/loader:1165:14)
    at Object.Module._extensions..js (node:internal/modules/cjs/loader:1219:10)
    at Module.load (node:internal/modules/cjs/loader:1043:32)
    at Function.Module._load (node:internal/modules/cjs/loader:878:12)
    at Module.require (node:internal/modules/cjs/loader:1067:19)
    at Module.Hook._require.Module.require (/usr/lib/node_modules/pm2/node_modules/require-in-the-middle/index.js:101:39) {
  code: 'MODULE_NOT_FOUND',
  requireStack: [ '/root/haha/db/proxy.js', '/root/haha/main.js' ]
}
Error: Cannot find module 'mongodb'
Require stack:
- /root/haha/db/proxy.js
- /root/haha/main.js
    at Function.Module._resolveFilename (node:internal/modules/cjs/loader:995:15)
    at Module.Hook._require.Module.require (/usr/lib/node_modules/pm2/node_modules/require-in-the-middle/index.js:81:25)
    at require (node:internal/modules/cjs/helpers:103:18)
    at Object.<anonymous> (/root/haha/db/proxy.js:1:25)
    at Module._compile (node:internal/modules/cjs/loader:1165:14)
    at Object.Module._extensions..js (node:internal/modules/cjs/loader:1219:10)
    at Module.load (node:internal/modules/cjs/loader:1043:32)
    at Function.Module._load (node:internal/modules/cjs/loader:878:12)
    at Module.require (node:internal/modules/cjs/loader:1067:19)
    at Module.Hook._require.Module.require (/usr/lib/node_modules/pm2/node_modules/require-in-the-middle/index.js:101:39) {
  code: 'MODULE_NOT_FOUND',
  requireStack: [ '/root/haha/db/proxy.js', '/root/haha/main.js' ]
}
Error: Cannot find module 'mongodb'
Require stack:
- /root/haha/db/proxy.js
- /root/haha/main.js
    at Function.Module._resolveFilename (node:internal/modules/cjs/loader:995:15)
    at Module.Hook._require.Module.require (/usr/lib/node_modules/pm2/node_modules/require-in-the-middle/index.js:81:25)
    at require (node:internal/modules/cjs/helpers:103:18)
    at Object.<anonymous> (/root/haha/db/proxy.js:1:25)
    at Module._compile (node:internal/modules/cjs/loader:1165:14)
    at Object.Module._extensions..js (node:internal/modules/cjs/loader:1219:10)
    at Module.load (node:internal/modules/cjs/loader:1043:32)
    at Function.Module._load (node:internal/modules/cjs/loader:878:12)
    at Module.require (node:internal/modules/cjs/loader:1067:19)
    at Module.Hook._require.Module.require (/usr/lib/node_modules/pm2/node_modules/require-in-the-middle/index.js:101:39) {
  code: 'MODULE_NOT_FOUND',
  requireStack: [ '/root/haha/db/proxy.js', '/root/haha/main.js' ]
}
Error: Cannot find module 'mongodb'
Require stack:
- /root/haha/db/proxy.js
- /root/haha/main.js
    at Function.Module._resolveFilename (node:internal/modules/cjs/loader:995:15)
    at Module.Hook._require.Module.require (/usr/lib/node_modules/pm2/node_modules/require-in-the-middle/index.js:81:25)
    at require (node:internal/modules/cjs/helpers:103:18)
    at Object.<anonymous> (/root/haha/db/proxy.js:1:25)
    at Module._compile (node:internal/modules/cjs/loader:1165:14)
    at Object.Module._extensions..js (node:internal/modules/cjs/loader:1219:10)
    at Module.load (node:internal/modules/cjs/loader:1043:32)
    at Function.Module._load (node:internal/modules/cjs/loader:878:12)
    at Module.require (node:internal/modules/cjs/loader:1067:19)
    at Module.Hook._require.Module.require (/usr/lib/node_modules/pm2/node_modules/require-in-the-middle/index.js:101:39) {
  code: 'MODULE_NOT_FOUND',
  requireStack: [ '/root/haha/db/proxy.js', '/root/haha/main.js' ]
}
Error: Cannot find module 'mongodb'
Require stack:
- /root/haha/db/proxy.js
- /root/haha/main.js
    at Function.Module._resolveFilename (node:internal/modules/cjs/loader:995:15)
    at Module.Hook._require.Module.require (/usr/lib/node_modules/pm2/node_modules/require-in-the-middle/index.js:81:25)
    at require (node:internal/modules/cjs/helpers:103:18)
    at Object.<anonymous> (/root/haha/db/proxy.js:1:25)
    at Module._compile (node:internal/modules/cjs/loader:1165:14)
    at Object.Module._extensions..js (node:internal/modules/cjs/loader:1219:10)
    at Module.load (node:internal/modules/cjs/loader:1043:32)
    at Function.Module._load (node:internal/modules/cjs/loader:878:12)
    at Module.require (node:internal/modules/cjs/loader:1067:19)
    at Module.Hook._require.Module.require (/usr/lib/node_modules/pm2/node_modules/require-in-the-middle/index.js:101:39) {
  code: 'MODULE_NOT_FOUND',
  requireStack: [ '/root/haha/db/proxy.js', '/root/haha/main.js' ]
}
Error: Cannot find module 'mongodb'
Require stack:
- /root/haha/db/proxy.js
- /root/haha/main.js
    at Function.Module._resolveFilename (node:internal/modules/cjs/loader:995:15)
    at Module.Hook._require.Module.require (/usr/lib/node_modules/pm2/node_modules/require-in-the-middle/index.js:81:25)
    at require (node:internal/modules/cjs/helpers:103:18)
    at Object.<anonymous> (/root/haha/db/proxy.js:1:25)
    at Module._compile (node:internal/modules/cjs/loader:1165:14)
    at Object.Module._extensions..js (node:internal/modules/cjs/loader:1219:10)
    at Module.load (node:internal/modules/cjs/loader:1043:32)
    at Function.Module._load (node:internal/modules/cjs/loader:878:12)
    at Module.require (node:internal/modules/cjs/loader:1067:19)
    at Module.Hook._require.Module.require (/usr/lib/node_modules/pm2/node_modules/require-in-the-middle/index.js:101:39) {
  code: 'MODULE_NOT_FOUND',
  requireStack: [ '/root/haha/db/proxy.js', '/root/haha/main.js' ]
}
Error: Cannot find module 'mongodb'
Require stack:
- /root/haha/db/proxy.js
- /root/haha/main.js
    at Function.Module._resolveFilename (node:internal/modules/cjs/loader:995:15)
    at Module.Hook._require.Module.require (/usr/lib/node_modules/pm2/node_modules/require-in-the-middle/index.js:81:25)
    at require (node:internal/modules/cjs/helpers:103:18)
    at Object.<anonymous> (/root/haha/db/proxy.js:1:25)
    at Module._compile (node:internal/modules/cjs/loader:1165:14)
    at Object.Module._extensions..js (node:internal/modules/cjs/loader:1219:10)
    at Module.load (node:internal/modules/cjs/loader:1043:32)
    at Function.Module._load (node:internal/modules/cjs/loader:878:12)
    at Module.require (node:internal/modules/cjs/loader:1067:19)
    at Module.Hook._require.Module.require (/usr/lib/node_modules/pm2/node_modules/require-in-the-middle/index.js:101:39) {
  code: 'MODULE_NOT_FOUND',
  requireStack: [ '/root/haha/db/proxy.js', '/root/haha/main.js' ]
}
Error: Cannot find module 'mongodb'
Require stack:
- /root/haha/db/proxy.js
- /root/haha/main.js
    at Function.Module._resolveFilename (node:internal/modules/cjs/loader:995:15)
    at Module.Hook._require.Module.require (/usr/lib/node_modules/pm2/node_modules/require-in-the-middle/index.js:81:25)
    at require (node:internal/modules/cjs/helpers:103:18)
    at Object.<anonymous> (/root/haha/db/proxy.js:1:25)
    at Module._compile (node:internal/modules/cjs/loader:1165:14)
    at Object.Module._extensions..js (node:internal/modules/cjs/loader:1219:10)
    at Module.load (node:internal/modules/cjs/loader:1043:32)
    at Function.Module._load (node:internal/modules/cjs/loader:878:12)
    at Module.require (node:internal/modules/cjs/loader:1067:19)
    at Module.Hook._require.Module.require (/usr/lib/node_modules/pm2/node_modules/require-in-the-middle/index.js:101:39) {
  code: 'MODULE_NOT_FOUND',
  requireStack: [ '/root/haha/db/proxy.js', '/root/haha/main.js' ]
}
Error: Cannot find module 'mongodb'
Require stack:
- /root/haha/db/proxy.js
- /root/haha/main.js
    at Function.Module._resolveFilename (node:internal/modules/cjs/loader:995:15)
    at Module.Hook._require.Module.require (/usr/lib/node_modules/pm2/node_modules/require-in-the-middle/index.js:81:25)
    at require (node:internal/modules/cjs/helpers:103:18)
    at Object.<anonymous> (/root/haha/db/proxy.js:1:25)
    at Module._compile (node:internal/modules/cjs/loader:1165:14)
    at Object.Module._extensions..js (node:internal/modules/cjs/loader:1219:10)
    at Module.load (node:internal/modules/cjs/loader:1043:32)
    at Function.Module._load (node:internal/modules/cjs/loader:878:12)
    at Module.require (node:internal/modules/cjs/loader:1067:19)
    at Module.Hook._require.Module.require (/usr/lib/node_modules/pm2/node_modules/require-in-the-middle/index.js:101:39) {
  code: 'MODULE_NOT_FOUND',
  requireStack: [ '/root/haha/db/proxy.js', '/root/haha/main.js' ]
}
Error: Cannot find module 'mongodb'
Require stack:
- /root/haha/db/proxy.js
- /root/haha/main.js
    at Function.Module._resolveFilename (node:internal/modules/cjs/loader:995:15)
    at Module.Hook._require.Module.require (/usr/lib/node_modules/pm2/node_modules/require-in-the-middle/index.js:81:25)
    at require (node:internal/modules/cjs/helpers:103:18)
    at Object.<anonymous> (/root/haha/db/proxy.js:1:25)
    at Module._compile (node:internal/modules/cjs/loader:1165:14)
    at Object.Module._extensions..js (node:internal/modules/cjs/loader:1219:10)
    at Module.load (node:internal/modules/cjs/loader:1043:32)
    at Function.Module._load (node:internal/modules/cjs/loader:878:12)
    at Module.require (node:internal/modules/cjs/loader:1067:19)
    at Module.Hook._require.Module.require (/usr/lib/node_modules/pm2/node_modules/require-in-the-middle/index.js:101:39) {
  code: 'MODULE_NOT_FOUND',
  requireStack: [ '/root/haha/db/proxy.js', '/root/haha/main.js' ]
}
Error: Cannot find module 'mongodb'
Require stack:
- /root/haha/db/proxy.js
- /root/haha/main.js
    at Function.Module._resolveFilename (node:internal/modules/cjs/loader:995:15)
    at Module.Hook._require.Module.require (/usr/lib/node_modules/pm2/node_modules/require-in-the-middle/index.js:81:25)
    at require (node:internal/modules/cjs/helpers:103:18)
    at Object.<anonymous> (/root/haha/db/proxy.js:1:25)
    at Module._compile (node:internal/modules/cjs/loader:1165:14)
    at Object.Module._extensions..js (node:internal/modules/cjs/loader:1219:10)
    at Module.load (node:internal/modules/cjs/loader:1043:32)
    at Function.Module._load (node:internal/modules/cjs/loader:878:12)
    at Module.require (node:internal/modules/cjs/loader:1067:19)
    at Module.Hook._require.Module.require (/usr/lib/node_modules/pm2/node_modules/require-in-the-middle/index.js:101:39) {
  code: 'MODULE_NOT_FOUND',
  requireStack: [ '/root/haha/db/proxy.js', '/root/haha/main.js' ]
}
Error: Cannot find module 'mongodb'
Require stack:
- /root/haha/db/proxy.js
- /root/haha/main.js
    at Function.Module._resolveFilename (node:internal/modules/cjs/loader:995:15)
    at Module.Hook._require.Module.require (/usr/lib/node_modules/pm2/node_modules/require-in-the-middle/index.js:81:25)
    at require (node:internal/modules/cjs/helpers:103:18)
    at Object.<anonymous> (/root/haha/db/proxy.js:1:25)
    at Module._compile (node:internal/modules/cjs/loader:1165:14)
    at Object.Module._extensions..js (node:internal/modules/cjs/loader:1219:10)
    at Module.load (node:internal/modules/cjs/loader:1043:32)
    at Function.Module._load (node:internal/modules/cjs/loader:878:12)
    at Module.require (node:internal/modules/cjs/loader:1067:19)
    at Module.Hook._require.Module.require (/usr/lib/node_modules/pm2/node_modules/require-in-the-middle/index.js:101:39) {
  code: 'MODULE_NOT_FOUND',
  requireStack: [ '/root/haha/db/proxy.js', '/root/haha/main.js' ]
}
Error: Cannot find module 'mongodb'
Require stack:
- /root/haha/db/proxy.js
- /root/haha/main.js
    at Function.Module._resolveFilename (node:internal/modules/cjs/loader:995:15)
    at Module.Hook._require.Module.require (/usr/lib/node_modules/pm2/node_modules/require-in-the-middle/index.js:81:25)
    at require (node:internal/modules/cjs/helpers:103:18)
    at Object.<anonymous> (/root/haha/db/proxy.js:1:25)
    at Module._compile (node:internal/modules/cjs/loader:1165:14)
    at Object.Module._extensions..js (node:internal/modules/cjs/loader:1219:10)
    at Module.load (node:internal/modules/cjs/loader:1043:32)
    at Function.Module._load (node:internal/modules/cjs/loader:878:12)
    at Module.require (node:internal/modules/cjs/loader:1067:19)
    at Module.Hook._require.Module.require (/usr/lib/node_modules/pm2/node_modules/require-in-the-middle/index.js:101:39) {
  code: 'MODULE_NOT_FOUND',
  requireStack: [ '/root/haha/db/proxy.js', '/root/haha/main.js' ]
}
Error: Cannot find module 'mongodb'
Require stack:
- /root/haha/db/proxy.js
- /root/haha/main.js
    at Function.Module._resolveFilename (node:internal/modules/cjs/loader:995:15)
    at Module.Hook._require.Module.require (/usr/lib/node_modules/pm2/node_modules/require-in-the-middle/index.js:81:25)
    at require (node:internal/modules/cjs/helpers:103:18)
    at Object.<anonymous> (/root/haha/db/proxy.js:1:25)
    at Module._compile (node:internal/modules/cjs/loader:1165:14)
    at Object.Module._extensions..js (node:internal/modules/cjs/loader:1219:10)
    at Module.load (node:internal/modules/cjs/loader:1043:32)
    at Function.Module._load (node:internal/modules/cjs/loader:878:12)
    at Module.require (node:internal/modules/cjs/loader:1067:19)
    at Module.Hook._require.Module.require (/usr/lib/node_modules/pm2/node_modules/require-in-the-middle/index.js:101:39) {
  code: 'MODULE_NOT_FOUND',
  requireStack: [ '/root/haha/db/proxy.js', '/root/haha/main.js' ]
}
Error: Cannot find module 'mongodb'
Require stack:
- /root/haha/db/proxy.js
- /root/haha/main.js
    at Function.Module._resolveFilename (node:internal/modules/cjs/loader:995:15)
    at Module.Hook._require.Module.require (/usr/lib/node_modules/pm2/node_modules/require-in-the-middle/index.js:81:25)
    at require (node:internal/modules/cjs/helpers:103:18)
    at Object.<anonymous> (/root/haha/db/proxy.js:1:25)
    at Module._compile (node:internal/modules/cjs/loader:1165:14)
    at Object.Module._extensions..js (node:internal/modules/cjs/loader:1219:10)
    at Module.load (node:internal/modules/cjs/loader:1043:32)
    at Function.Module._load (node:internal/modules/cjs/loader:878:12)
    at Module.require (node:internal/modules/cjs/loader:1067:19)
    at Module.Hook._require.Module.require (/usr/lib/node_modules/pm2/node_modules/require-in-the-middle/index.js:101:39) {
  code: 'MODULE_NOT_FOUND',
  requireStack: [ '/root/haha/db/proxy.js', '/root/haha/main.js' ]
}
Error: Cannot find module 'mongodb'
Require stack:
- /root/haha/db/proxy.js
- /root/haha/main.js
    at Function.Module._resolveFilename (node:internal/modules/cjs/loader:995:15)
    at Module.Hook._require.Module.require (/usr/lib/node_modules/pm2/node_modules/require-in-the-middle/index.js:81:25)
    at require (node:internal/modules/cjs/helpers:103:18)
    at Object.<anonymous> (/root/haha/db/proxy.js:1:25)
    at Module._compile (node:internal/modules/cjs/loader:1165:14)
    at Object.Module._extensions..js (node:internal/modules/cjs/loader:1219:10)
    at Module.load (node:internal/modules/cjs/loader:1043:32)
    at Function.Module._load (node:internal/modules/cjs/loader:878:12)
    at Module.require (node:internal/modules/cjs/loader:1067:19)
    at Module.Hook._require.Module.require (/usr/lib/node_modules/pm2/node_modules/require-in-the-middle/index.js:101:39) {
  code: 'MODULE_NOT_FOUND',
  requireStack: [ '/root/haha/db/proxy.js', '/root/haha/main.js' ]
}
Error: Cannot find module 'mongodb'
Require stack:
- /root/haha/db/proxy.js
- /root/haha/main.js
    at Function.Module._resolveFilename (node:internal/modules/cjs/loader:995:15)
    at Module.Hook._require.Module.require (/usr/lib/node_modules/pm2/node_modules/require-in-the-middle/index.js:81:25)
    at require (node:internal/modules/cjs/helpers:103:18)
    at Object.<anonymous> (/root/haha/db/proxy.js:1:25)
    at Module._compile (node:internal/modules/cjs/loader:1165:14)
    at Object.Module._extensions..js (node:internal/modules/cjs/loader:1219:10)
    at Module.load (node:internal/modules/cjs/loader:1043:32)
    at Function.Module._load (node:internal/modules/cjs/loader:878:12)
    at Module.require (node:internal/modules/cjs/loader:1067:19)
    at Module.Hook._require.Module.require (/usr/lib/node_modules/pm2/node_modules/require-in-the-middle/index.js:101:39) {
  code: 'MODULE_NOT_FOUND',
  requireStack: [ '/root/haha/db/proxy.js', '/root/haha/main.js' ]
}
Error: Cannot find module 'mongodb'
Require stack:
- /root/haha/db/proxy.js
- /root/haha/main.js
    at Function.Module._resolveFilename (node:internal/modules/cjs/loader:995:15)
    at Module.Hook._require.Module.require (/usr/lib/node_modules/pm2/node_modules/require-in-the-middle/index.js:81:25)
    at require (node:internal/modules/cjs/helpers:103:18)
    at Object.<anonymous> (/root/haha/db/proxy.js:1:25)
    at Module._compile (node:internal/modules/cjs/loader:1165:14)
    at Object.Module._extensions..js (node:internal/modules/cjs/loader:1219:10)
    at Module.load (node:internal/modules/cjs/loader:1043:32)
    at Function.Module._load (node:internal/modules/cjs/loader:878:12)
    at Module.require (node:internal/modules/cjs/loader:1067:19)
    at Module.Hook._require.Module.require (/usr/lib/node_modules/pm2/node_modules/require-in-the-middle/index.js:101:39) {
  code: 'MODULE_NOT_FOUND',
  requireStack: [ '/root/haha/db/proxy.js', '/root/haha/main.js' ]
}
Error: Cannot find module 'mongodb'
Require stack:
- /root/haha/db/proxy.js
- /root/haha/main.js
    at Function.Module._resolveFilename (node:internal/modules/cjs/loader:995:15)
    at Module.Hook._require.Module.require (/usr/lib/node_modules/pm2/node_modules/require-in-the-middle/index.js:81:25)
    at require (node:internal/modules/cjs/helpers:103:18)
    at Object.<anonymous> (/root/haha/db/proxy.js:1:25)
    at Module._compile (node:internal/modules/cjs/loader:1165:14)
    at Object.Module._extensions..js (node:internal/modules/cjs/loader:1219:10)
    at Module.load (node:internal/modules/cjs/loader:1043:32)
    at Function.Module._load (node:internal/modules/cjs/loader:878:12)
    at Module.require (node:internal/modules/cjs/loader:1067:19)
    at Module.Hook._require.Module.require (/usr/lib/node_modules/pm2/node_modules/require-in-the-middle/index.js:101:39) {
  code: 'MODULE_NOT_FOUND',
  requireStack: [ '/root/haha/db/proxy.js', '/root/haha/main.js' ]
}
Error: Cannot find module 'mongodb'
Require stack:
- /root/haha/db/proxy.js
- /root/haha/main.js
    at Function.Module._resolveFilename (node:internal/modules/cjs/loader:995:15)
    at Module.Hook._require.Module.require (/usr/lib/node_modules/pm2/node_modules/require-in-the-middle/index.js:81:25)
    at require (node:internal/modules/cjs/helpers:103:18)
    at Object.<anonymous> (/root/haha/db/proxy.js:1:25)
    at Module._compile (node:internal/modules/cjs/loader:1165:14)
    at Object.Module._extensions..js (node:internal/modules/cjs/loader:1219:10)
    at Module.load (node:internal/modules/cjs/loader:1043:32)
    at Function.Module._load (node:internal/modules/cjs/loader:878:12)
    at Module.require (node:internal/modules/cjs/loader:1067:19)
    at Module.Hook._require.Module.require (/usr/lib/node_modules/pm2/node_modules/require-in-the-middle/index.js:101:39) {
  code: 'MODULE_NOT_FOUND',
  requireStack: [ '/root/haha/db/proxy.js', '/root/haha/main.js' ]
}
Error: Cannot find module 'mongodb'
Require stack:
- /root/haha/db/proxy.js
- /root/haha/main.js
    at Function.Module._resolveFilename (node:internal/modules/cjs/loader:995:15)
    at Module.Hook._require.Module.require (/usr/lib/node_modules/pm2/node_modules/require-in-the-middle/index.js:81:25)
    at require (node:internal/modules/cjs/helpers:103:18)
    at Object.<anonymous> (/root/haha/db/proxy.js:1:25)
    at Module._compile (node:internal/modules/cjs/loader:1165:14)
    at Object.Module._extensions..js (node:internal/modules/cjs/loader:1219:10)
    at Module.load (node:internal/modules/cjs/loader:1043:32)
    at Function.Module._load (node:internal/modules/cjs/loader:878:12)
    at Module.require (node:internal/modules/cjs/loader:1067:19)
    at Module.Hook._require.Module.require (/usr/lib/node_modules/pm2/node_modules/require-in-the-middle/index.js:101:39) {
  code: 'MODULE_NOT_FOUND',
  requireStack: [ '/root/haha/db/proxy.js', '/root/haha/main.js' ]
}
Error: Cannot find module 'mongodb'
Require stack:
- /root/haha/db/proxy.js
- /root/haha/main.js
    at Function.Module._resolveFilename (node:internal/modules/cjs/loader:995:15)
    at Module.Hook._require.Module.require (/usr/lib/node_modules/pm2/node_modules/require-in-the-middle/index.js:81:25)
    at require (node:internal/modules/cjs/helpers:103:18)
    at Object.<anonymous> (/root/haha/db/proxy.js:1:25)
    at Module._compile (node:internal/modules/cjs/loader:1165:14)
    at Object.Module._extensions..js (node:internal/modules/cjs/loader:1219:10)
    at Module.load (node:internal/modules/cjs/loader:1043:32)
    at Function.Module._load (node:internal/modules/cjs/loader:878:12)
    at Module.require (node:internal/modules/cjs/loader:1067:19)
    at Module.Hook._require.Module.require (/usr/lib/node_modules/pm2/node_modules/require-in-the-middle/index.js:101:39) {
  code: 'MODULE_NOT_FOUND',
  requireStack: [ '/root/haha/db/proxy.js', '/root/haha/main.js' ]
}
Error: Cannot find module 'mongodb'
Require stack:
- /root/haha/db/proxy.js
- /root/haha/main.js
    at Function.Module._resolveFilename (node:internal/modules/cjs/loader:995:15)
    at Module.Hook._require.Module.require (/usr/lib/node_modules/pm2/node_modules/require-in-the-middle/index.js:81:25)
    at require (node:internal/modules/cjs/helpers:103:18)
    at Object.<anonymous> (/root/haha/db/proxy.js:1:25)
    at Module._compile (node:internal/modules/cjs/loader:1165:14)
    at Object.Module._extensions..js (node:internal/modules/cjs/loader:1219:10)
    at Module.load (node:internal/modules/cjs/loader:1043:32)
    at Function.Module._load (node:internal/modules/cjs/loader:878:12)
    at Module.require (node:internal/modules/cjs/loader:1067:19)
    at Module.Hook._require.Module.require (/usr/lib/node_modules/pm2/node_modules/require-in-the-middle/index.js:101:39) {
  code: 'MODULE_NOT_FOUND',
  requireStack: [ '/root/haha/db/proxy.js', '/root/haha/main.js' ]
}
Error: Cannot find module 'mongodb'
Require stack:
- /root/haha/db/proxy.js
- /root/haha/main.js
    at Function.Module._resolveFilename (node:internal/modules/cjs/loader:995:15)
    at Module.Hook._require.Module.require (/usr/lib/node_modules/pm2/node_modules/require-in-the-middle/index.js:81:25)
    at require (node:internal/modules/cjs/helpers:103:18)
    at Object.<anonymous> (/root/haha/db/proxy.js:1:25)
    at Module._compile (node:internal/modules/cjs/loader:1165:14)
    at Object.Module._extensions..js (node:internal/modules/cjs/loader:1219:10)
    at Module.load (node:internal/modules/cjs/loader:1043:32)
    at Function.Module._load (node:internal/modules/cjs/loader:878:12)
    at Module.require (node:internal/modules/cjs/loader:1067:19)
    at Module.Hook._require.Module.require (/usr/lib/node_modules/pm2/node_modules/require-in-the-middle/index.js:101:39) {
  code: 'MODULE_NOT_FOUND',
  requireStack: [ '/root/haha/db/proxy.js', '/root/haha/main.js' ]
}
Error: Cannot find module 'mongodb'
Require stack:
- /root/haha/db/proxy.js
- /root/haha/main.js
    at Function.Module._resolveFilename (node:internal/modules/cjs/loader:995:15)
    at Module.Hook._require.Module.require (/usr/lib/node_modules/pm2/node_modules/require-in-the-middle/index.js:81:25)
    at require (node:internal/modules/cjs/helpers:103:18)
    at Object.<anonymous> (/root/haha/db/proxy.js:1:25)
    at Module._compile (node:internal/modules/cjs/loader:1165:14)
    at Object.Module._extensions..js (node:internal/modules/cjs/loader:1219:10)
    at Module.load (node:internal/modules/cjs/loader:1043:32)
    at Function.Module._load (node:internal/modules/cjs/loader:878:12)
    at Module.require (node:internal/modules/cjs/loader:1067:19)
    at Module.Hook._require.Module.require (/usr/lib/node_modules/pm2/node_modules/require-in-the-middle/index.js:101:39) {
  code: 'MODULE_NOT_FOUND',
  requireStack: [ '/root/haha/db/proxy.js', '/root/haha/main.js' ]
}
Error: Cannot find module 'mongodb'
Require stack:
- /root/haha/db/proxy.js
- /root/haha/main.js
    at Function.Module._resolveFilename (node:internal/modules/cjs/loader:995:15)
    at Module.Hook._require.Module.require (/usr/lib/node_modules/pm2/node_modules/require-in-the-middle/index.js:81:25)
    at require (node:internal/modules/cjs/helpers:103:18)
    at Object.<anonymous> (/root/haha/db/proxy.js:1:25)
    at Module._compile (node:internal/modules/cjs/loader:1165:14)
    at Object.Module._extensions..js (node:internal/modules/cjs/loader:1219:10)
    at Module.load (node:internal/modules/cjs/loader:1043:32)
    at Function.Module._load (node:internal/modules/cjs/loader:878:12)
    at Module.require (node:internal/modules/cjs/loader:1067:19)
    at Module.Hook._require.Module.require (/usr/lib/node_modules/pm2/node_modules/require-in-the-middle/index.js:101:39) {
  code: 'MODULE_NOT_FOUND',
  requireStack: [ '/root/haha/db/proxy.js', '/root/haha/main.js' ]
}
Error: Cannot find module 'mongodb'
Require stack:
- /root/haha/db/proxy.js
- /root/haha/main.js
    at Function.Module._resolveFilename (node:internal/modules/cjs/loader:995:15)
    at Module.Hook._require.Module.require (/usr/lib/node_modules/pm2/node_modules/require-in-the-middle/index.js:81:25)
    at require (node:internal/modules/cjs/helpers:103:18)
    at Object.<anonymous> (/root/haha/db/proxy.js:1:25)
    at Module._compile (node:internal/modules/cjs/loader:1165:14)
    at Object.Module._extensions..js (node:internal/modules/cjs/loader:1219:10)
    at Module.load (node:internal/modules/cjs/loader:1043:32)
    at Function.Module._load (node:internal/modules/cjs/loader:878:12)
    at Module.require (node:internal/modules/cjs/loader:1067:19)
    at Module.Hook._require.Module.require (/usr/lib/node_modules/pm2/node_modules/require-in-the-middle/index.js:101:39) {
  code: 'MODULE_NOT_FOUND',
  requireStack: [ '/root/haha/db/proxy.js', '/root/haha/main.js' ]
}
Error: Cannot find module 'mongodb'
Require stack:
- /root/haha/db/proxy.js
- /root/haha/main.js
    at Function.Module._resolveFilename (node:internal/modules/cjs/loader:995:15)
    at Module.Hook._require.Module.require (/usr/lib/node_modules/pm2/node_modules/require-in-the-middle/index.js:81:25)
    at require (node:internal/modules/cjs/helpers:103:18)
    at Object.<anonymous> (/root/haha/db/proxy.js:1:25)
    at Module._compile (node:internal/modules/cjs/loader:1165:14)
    at Object.Module._extensions..js (node:internal/modules/cjs/loader:1219:10)
    at Module.load (node:internal/modules/cjs/loader:1043:32)
    at Function.Module._load (node:internal/modules/cjs/loader:878:12)
    at Module.require (node:internal/modules/cjs/loader:1067:19)
    at Module.Hook._require.Module.require (/usr/lib/node_modules/pm2/node_modules/require-in-the-middle/index.js:101:39) {
  code: 'MODULE_NOT_FOUND',
  requireStack: [ '/root/haha/db/proxy.js', '/root/haha/main.js' ]
}
Error: Cannot find module 'mongodb'
Require stack:
- /root/haha/db/proxy.js
- /root/haha/main.js
    at Function.Module._resolveFilename (node:internal/modules/cjs/loader:995:15)
    at Module.Hook._require.Module.require (/usr/lib/node_modules/pm2/node_modules/require-in-the-middle/index.js:81:25)
    at require (node:internal/modules/cjs/helpers:103:18)
    at Object.<anonymous> (/root/haha/db/proxy.js:1:25)
    at Module._compile (node:internal/modules/cjs/loader:1165:14)
    at Object.Module._extensions..js (node:internal/modules/cjs/loader:1219:10)
    at Module.load (node:internal/modules/cjs/loader:1043:32)
    at Function.Module._load (node:internal/modules/cjs/loader:878:12)
    at Module.require (node:internal/modules/cjs/loader:1067:19)
    at Module.Hook._require.Module.require (/usr/lib/node_modules/pm2/node_modules/require-in-the-middle/index.js:101:39) {
  code: 'MODULE_NOT_FOUND',
  requireStack: [ '/root/haha/db/proxy.js', '/root/haha/main.js' ]
}
Error: Cannot find module 'mongodb'
Require stack:
- /root/haha/db/proxy.js
- /root/haha/main.js
    at Function.Module._resolveFilename (node:internal/modules/cjs/loader:995:15)
    at Module.Hook._require.Module.require (/usr/lib/node_modules/pm2/node_modules/require-in-the-middle/index.js:81:25)
    at require (node:internal/modules/cjs/helpers:103:18)
    at Object.<anonymous> (/root/haha/db/proxy.js:1:25)
    at Module._compile (node:internal/modules/cjs/loader:1165:14)
    at Object.Module._extensions..js (node:internal/modules/cjs/loader:1219:10)
    at Module.load (node:internal/modules/cjs/loader:1043:32)
    at Function.Module._load (node:internal/modules/cjs/loader:878:12)
    at Module.require (node:internal/modules/cjs/loader:1067:19)
    at Module.Hook._require.Module.require (/usr/lib/node_modules/pm2/node_modules/require-in-the-middle/index.js:101:39) {
  code: 'MODULE_NOT_FOUND',
  requireStack: [ '/root/haha/db/proxy.js', '/root/haha/main.js' ]
}
Error: Cannot find module 'mongodb'
Require stack:
- /root/haha/db/proxy.js
- /root/haha/main.js
    at Function.Module._resolveFilename (node:internal/modules/cjs/loader:995:15)
    at Module.Hook._require.Module.require (/usr/lib/node_modules/pm2/node_modules/require-in-the-middle/index.js:81:25)
    at require (node:internal/modules/cjs/helpers:103:18)
    at Object.<anonymous> (/root/haha/db/proxy.js:1:25)
    at Module._compile (node:internal/modules/cjs/loader:1165:14)
    at Object.Module._extensions..js (node:internal/modules/cjs/loader:1219:10)
    at Module.load (node:internal/modules/cjs/loader:1043:32)
    at Function.Module._load (node:internal/modules/cjs/loader:878:12)
    at Module.require (node:internal/modules/cjs/loader:1067:19)
    at Module.Hook._require.Module.require (/usr/lib/node_modules/pm2/node_modules/require-in-the-middle/index.js:101:39) {
  code: 'MODULE_NOT_FOUND',
  requireStack: [ '/root/haha/db/proxy.js', '/root/haha/main.js' ]
}
Error: Cannot find module 'mongodb'
Require stack:
- /root/haha/db/proxy.js
- /root/haha/main.js
    at Function.Module._resolveFilename (node:internal/modules/cjs/loader:995:15)
    at Module.Hook._require.Module.require (/usr/lib/node_modules/pm2/node_modules/require-in-the-middle/index.js:81:25)
    at require (node:internal/modules/cjs/helpers:103:18)
    at Object.<anonymous> (/root/haha/db/proxy.js:1:25)
    at Module._compile (node:internal/modules/cjs/loader:1165:14)
    at Object.Module._extensions..js (node:internal/modules/cjs/loader:1219:10)
    at Module.load (node:internal/modules/cjs/loader:1043:32)
    at Function.Module._load (node:internal/modules/cjs/loader:878:12)
    at Module.require (node:internal/modules/cjs/loader:1067:19)
    at Module.Hook._require.Module.require (/usr/lib/node_modules/pm2/node_modules/require-in-the-middle/index.js:101:39) {
  code: 'MODULE_NOT_FOUND',
  requireStack: [ '/root/haha/db/proxy.js', '/root/haha/main.js' ]
}
Error: Cannot find module 'mongodb'
Require stack:
- /root/haha/db/proxy.js
- /root/haha/main.js
    at Function.Module._resolveFilename (node:internal/modules/cjs/loader:995:15)
    at Module.Hook._require.Module.require (/usr/lib/node_modules/pm2/node_modules/require-in-the-middle/index.js:81:25)
    at require (node:internal/modules/cjs/helpers:103:18)
    at Object.<anonymous> (/root/haha/db/proxy.js:1:25)
    at Module._compile (node:internal/modules/cjs/loader:1165:14)
    at Object.Module._extensions..js (node:internal/modules/cjs/loader:1219:10)
    at Module.load (node:internal/modules/cjs/loader:1043:32)
    at Function.Module._load (node:internal/modules/cjs/loader:878:12)
    at Module.require (node:internal/modules/cjs/loader:1067:19)
    at Module.Hook._require.Module.require (/usr/lib/node_modules/pm2/node_modules/require-in-the-middle/index.js:101:39) {
  code: 'MODULE_NOT_FOUND',
  requireStack: [ '/root/haha/db/proxy.js', '/root/haha/main.js' ]
}
Error: Cannot find module 'mongodb'
Require stack:
- /root/haha/db/proxy.js
- /root/haha/main.js
    at Function.Module._resolveFilename (node:internal/modules/cjs/loader:995:15)
    at Module.Hook._require.Module.require (/usr/lib/node_modules/pm2/node_modules/require-in-the-middle/index.js:81:25)
    at require (node:internal/modules/cjs/helpers:103:18)
    at Object.<anonymous> (/root/haha/db/proxy.js:1:25)
    at Module._compile (node:internal/modules/cjs/loader:1165:14)
    at Object.Module._extensions..js (node:internal/modules/cjs/loader:1219:10)
    at Module.load (node:internal/modules/cjs/loader:1043:32)
    at Function.Module._load (node:internal/modules/cjs/loader:878:12)
    at Module.require (node:internal/modules/cjs/loader:1067:19)
    at Module.Hook._require.Module.require (/usr/lib/node_modules/pm2/node_modules/require-in-the-middle/index.js:101:39) {
  code: 'MODULE_NOT_FOUND',
  requireStack: [ '/root/haha/db/proxy.js', '/root/haha/main.js' ]
}
