node:internal/modules/cjs/loader:998
  throw err;
  ^

Error: Cannot find module 'fastify'
Require stack:
- /root/poker/src/createFastifyInstance.js
- /root/poker/src/server.js
    at Function.Module._resolveFilename (node:internal/modules/cjs/loader:995:15)
    at Function.Module._load (node:internal/modules/cjs/loader:841:27)
    at Module.require (node:internal/modules/cjs/loader:1067:19)
    at require (node:internal/modules/cjs/helpers:103:18)
    at Object.<anonymous> (/root/poker/src/createFastifyInstance.js:1:24)
    at Module._compile (node:internal/modules/cjs/loader:1165:14)
    at Object.Module._extensions..js (node:internal/modules/cjs/loader:1219:10)
    at Module.load (node:internal/modules/cjs/loader:1043:32)
    at Function.Module._load (node:internal/modules/cjs/loader:878:12)
    at Module.require (node:internal/modules/cjs/loader:1067:19) {
  code: 'MODULE_NOT_FOUND',
  requireStack: [
    '/root/poker/src/createFastifyInstance.js',
    '/root/poker/src/server.js'
  ]
}
node:internal/modules/cjs/loader:998
  throw err;
  ^

Error: Cannot find module 'fastify'
Require stack:
- /root/poker/src/createFastifyInstance.js
- /root/poker/src/server.js
    at Function.Module._resolveFilename (node:internal/modules/cjs/loader:995:15)
    at Function.Module._load (node:internal/modules/cjs/loader:841:27)
    at Module.require (node:internal/modules/cjs/loader:1067:19)
    at require (node:internal/modules/cjs/helpers:103:18)
    at Object.<anonymous> (/root/poker/src/createFastifyInstance.js:1:24)
    at Module._compile (node:internal/modules/cjs/loader:1165:14)
    at Object.Module._extensions..js (node:internal/modules/cjs/loader:1219:10)
    at Module.load (node:internal/modules/cjs/loader:1043:32)
    at Function.Module._load (node:internal/modules/cjs/loader:878:12)
    at Module.require (node:internal/modules/cjs/loader:1067:19) {
  code: 'MODULE_NOT_FOUND',
  requireStack: [
    '/root/poker/src/createFastifyInstance.js',
    '/root/poker/src/server.js'
  ]
}
node:internal/modules/cjs/loader:998
  throw err;
  ^

Error: Cannot find module 'fastify'
Require stack:
- /root/poker/src/createFastifyInstance.js
- /root/poker/src/server.js
    at Function.Module._resolveFilename (node:internal/modules/cjs/loader:995:15)
    at Function.Module._load (node:internal/modules/cjs/loader:841:27)
    at Module.require (node:internal/modules/cjs/loader:1067:19)
    at require (node:internal/modules/cjs/helpers:103:18)
    at Object.<anonymous> (/root/poker/src/createFastifyInstance.js:1:24)
    at Module._compile (node:internal/modules/cjs/loader:1165:14)
    at Object.Module._extensions..js (node:internal/modules/cjs/loader:1219:10)
    at Module.load (node:internal/modules/cjs/loader:1043:32)
    at Function.Module._load (node:internal/modules/cjs/loader:878:12)
    at Module.require (node:internal/modules/cjs/loader:1067:19) {
  code: 'MODULE_NOT_FOUND',
  requireStack: [
    '/root/poker/src/createFastifyInstance.js',
    '/root/poker/src/server.js'
  ]
}
node:internal/modules/cjs/loader:998
  throw err;
  ^

Error: Cannot find module 'fastify'
Require stack:
- /root/poker/src/createFastifyInstance.js
- /root/poker/src/server.js
    at Function.Module._resolveFilename (node:internal/modules/cjs/loader:995:15)
    at Function.Module._load (node:internal/modules/cjs/loader:841:27)
    at Module.require (node:internal/modules/cjs/loader:1067:19)
    at require (node:internal/modules/cjs/helpers:103:18)
    at Object.<anonymous> (/root/poker/src/createFastifyInstance.js:1:24)
    at Module._compile (node:internal/modules/cjs/loader:1165:14)
    at Object.Module._extensions..js (node:internal/modules/cjs/loader:1219:10)
    at Module.load (node:internal/modules/cjs/loader:1043:32)
    at Function.Module._load (node:internal/modules/cjs/loader:878:12)
    at Module.require (node:internal/modules/cjs/loader:1067:19) {
  code: 'MODULE_NOT_FOUND',
  requireStack: [
    '/root/poker/src/createFastifyInstance.js',
    '/root/poker/src/server.js'
  ]
}
node:internal/modules/cjs/loader:998
  throw err;
  ^

Error: Cannot find module 'fastify'
Require stack:
- /root/poker/src/createFastifyInstance.js
- /root/poker/src/server.js
    at Function.Module._resolveFilename (node:internal/modules/cjs/loader:995:15)
    at Function.Module._load (node:internal/modules/cjs/loader:841:27)
    at Module.require (node:internal/modules/cjs/loader:1067:19)
    at require (node:internal/modules/cjs/helpers:103:18)
    at Object.<anonymous> (/root/poker/src/createFastifyInstance.js:1:24)
    at Module._compile (node:internal/modules/cjs/loader:1165:14)
    at Object.Module._extensions..js (node:internal/modules/cjs/loader:1219:10)
    at Module.load (node:internal/modules/cjs/loader:1043:32)
    at Function.Module._load (node:internal/modules/cjs/loader:878:12)
    at Module.require (node:internal/modules/cjs/loader:1067:19) {
  code: 'MODULE_NOT_FOUND',
  requireStack: [
    '/root/poker/src/createFastifyInstance.js',
    '/root/poker/src/server.js'
  ]
}
node:internal/modules/cjs/loader:998
  throw err;
  ^

Error: Cannot find module 'fastify'
Require stack:
- /root/poker/src/createFastifyInstance.js
- /root/poker/src/server.js
    at Function.Module._resolveFilename (node:internal/modules/cjs/loader:995:15)
    at Function.Module._load (node:internal/modules/cjs/loader:841:27)
    at Module.require (node:internal/modules/cjs/loader:1067:19)
    at require (node:internal/modules/cjs/helpers:103:18)
    at Object.<anonymous> (/root/poker/src/createFastifyInstance.js:1:24)
    at Module._compile (node:internal/modules/cjs/loader:1165:14)
    at Object.Module._extensions..js (node:internal/modules/cjs/loader:1219:10)
    at Module.load (node:internal/modules/cjs/loader:1043:32)
    at Function.Module._load (node:internal/modules/cjs/loader:878:12)
    at Module.require (node:internal/modules/cjs/loader:1067:19) {
  code: 'MODULE_NOT_FOUND',
  requireStack: [
    '/root/poker/src/createFastifyInstance.js',
    '/root/poker/src/server.js'
  ]
}
node:internal/modules/cjs/loader:998
  throw err;
  ^

Error: Cannot find module 'fastify'
Require stack:
- /root/poker/src/createFastifyInstance.js
- /root/poker/src/server.js
    at Function.Module._resolveFilename (node:internal/modules/cjs/loader:995:15)
    at Function.Module._load (node:internal/modules/cjs/loader:841:27)
    at Module.require (node:internal/modules/cjs/loader:1067:19)
    at require (node:internal/modules/cjs/helpers:103:18)
    at Object.<anonymous> (/root/poker/src/createFastifyInstance.js:1:24)
    at Module._compile (node:internal/modules/cjs/loader:1165:14)
    at Object.Module._extensions..js (node:internal/modules/cjs/loader:1219:10)
    at Module.load (node:internal/modules/cjs/loader:1043:32)
    at Function.Module._load (node:internal/modules/cjs/loader:878:12)
    at Module.require (node:internal/modules/cjs/loader:1067:19) {
  code: 'MODULE_NOT_FOUND',
  requireStack: [
    '/root/poker/src/createFastifyInstance.js',
    '/root/poker/src/server.js'
  ]
}
node:internal/modules/cjs/loader:998
  throw err;
  ^

Error: Cannot find module 'fastify'
Require stack:
- /root/poker/src/createFastifyInstance.js
- /root/poker/src/server.js
    at Function.Module._resolveFilename (node:internal/modules/cjs/loader:995:15)
    at Function.Module._load (node:internal/modules/cjs/loader:841:27)
    at Module.require (node:internal/modules/cjs/loader:1067:19)
    at require (node:internal/modules/cjs/helpers:103:18)
    at Object.<anonymous> (/root/poker/src/createFastifyInstance.js:1:24)
    at Module._compile (node:internal/modules/cjs/loader:1165:14)
    at Object.Module._extensions..js (node:internal/modules/cjs/loader:1219:10)
    at Module.load (node:internal/modules/cjs/loader:1043:32)
    at Function.Module._load (node:internal/modules/cjs/loader:878:12)
    at Module.require (node:internal/modules/cjs/loader:1067:19) {
  code: 'MODULE_NOT_FOUND',
  requireStack: [
    '/root/poker/src/createFastifyInstance.js',
    '/root/poker/src/server.js'
  ]
}
node:internal/modules/cjs/loader:998
  throw err;
  ^

Error: Cannot find module 'fastify'
Require stack:
- /root/poker/src/createFastifyInstance.js
- /root/poker/src/server.js
    at Function.Module._resolveFilename (node:internal/modules/cjs/loader:995:15)
    at Function.Module._load (node:internal/modules/cjs/loader:841:27)
    at Module.require (node:internal/modules/cjs/loader:1067:19)
    at require (node:internal/modules/cjs/helpers:103:18)
    at Object.<anonymous> (/root/poker/src/createFastifyInstance.js:1:24)
    at Module._compile (node:internal/modules/cjs/loader:1165:14)
    at Object.Module._extensions..js (node:internal/modules/cjs/loader:1219:10)
    at Module.load (node:internal/modules/cjs/loader:1043:32)
    at Function.Module._load (node:internal/modules/cjs/loader:878:12)
    at Module.require (node:internal/modules/cjs/loader:1067:19) {
  code: 'MODULE_NOT_FOUND',
  requireStack: [
    '/root/poker/src/createFastifyInstance.js',
    '/root/poker/src/server.js'
  ]
}
node:internal/modules/cjs/loader:998
  throw err;
  ^

Error: Cannot find module 'fastify'
Require stack:
- /root/poker/src/createFastifyInstance.js
- /root/poker/src/server.js
    at Function.Module._resolveFilename (node:internal/modules/cjs/loader:995:15)
    at Function.Module._load (node:internal/modules/cjs/loader:841:27)
    at Module.require (node:internal/modules/cjs/loader:1067:19)
    at require (node:internal/modules/cjs/helpers:103:18)
    at Object.<anonymous> (/root/poker/src/createFastifyInstance.js:1:24)
    at Module._compile (node:internal/modules/cjs/loader:1165:14)
    at Object.Module._extensions..js (node:internal/modules/cjs/loader:1219:10)
    at Module.load (node:internal/modules/cjs/loader:1043:32)
    at Function.Module._load (node:internal/modules/cjs/loader:878:12)
    at Module.require (node:internal/modules/cjs/loader:1067:19) {
  code: 'MODULE_NOT_FOUND',
  requireStack: [
    '/root/poker/src/createFastifyInstance.js',
    '/root/poker/src/server.js'
  ]
}
node:internal/modules/cjs/loader:998
  throw err;
  ^

Error: Cannot find module 'fastify'
Require stack:
- /root/poker/src/createFastifyInstance.js
- /root/poker/src/server.js
    at Function.Module._resolveFilename (node:internal/modules/cjs/loader:995:15)
    at Function.Module._load (node:internal/modules/cjs/loader:841:27)
    at Module.require (node:internal/modules/cjs/loader:1067:19)
    at require (node:internal/modules/cjs/helpers:103:18)
    at Object.<anonymous> (/root/poker/src/createFastifyInstance.js:1:24)
    at Module._compile (node:internal/modules/cjs/loader:1165:14)
    at Object.Module._extensions..js (node:internal/modules/cjs/loader:1219:10)
    at Module.load (node:internal/modules/cjs/loader:1043:32)
    at Function.Module._load (node:internal/modules/cjs/loader:878:12)
    at Module.require (node:internal/modules/cjs/loader:1067:19) {
  code: 'MODULE_NOT_FOUND',
  requireStack: [
    '/root/poker/src/createFastifyInstance.js',
    '/root/poker/src/server.js'
  ]
}
[Error: ENOENT: no such file or directory, open 'src/store/currency/currency.json'] {
  errno: -2,
  code: 'ENOENT',
  syscall: 'open',
  path: 'src/store/currency/currency.json'
}
